<?xml version="1.0" encoding="UTF-8"?>
<robot generator="Robot 7.1.1 (Python 3.10.12 on linux)" generated="2024-11-15T17:03:39.434920" rpa="false" schemaversion="5">
<suite id="s1" name="Tests" source="/home/naatari/Projects/ohtu/webcounter/src/tests">
<suite id="s1-s1" name="Increment" source="/home/naatari/Projects/ohtu/webcounter/src/tests/increment.robot">
<kw name="Open And Configure Browser" owner="resource" type="SETUP">
<kw name="Set Selenium Speed" owner="SeleniumLibrary">
<arg>${DELAY}</arg>
<doc>Sets the delay that is waited after each Selenium command.</doc>
<status status="PASS" start="2024-11-15T17:03:39.511851" elapsed="0.000192"/>
</kw>
<kw name="Open Browser" owner="SeleniumLibrary">
<msg time="2024-11-15T17:03:39.512314" level="INFO">Opening browser 'chrome' to base url 'None'.</msg>
<arg>browser=${BROWSER}</arg>
<doc>Opens a new browser instance to the optional ``url``.</doc>
<status status="PASS" start="2024-11-15T17:03:39.512172" elapsed="0.399871"/>
</kw>
<status status="PASS" start="2024-11-15T17:03:39.511442" elapsed="0.400774"/>
</kw>
<test id="s1-s1-t1" name="At start the counter is zero" line="7">
<kw name="Go To" owner="SeleniumLibrary">
<msg time="2024-11-15T17:03:39.912939" level="INFO">Opening url 'http://localhost:5001'</msg>
<arg>${HOME_URL}</arg>
<doc>Navigates the current browser window to the provided ``url``.</doc>
<status status="PASS" start="2024-11-15T17:03:39.912757" elapsed="0.566820"/>
</kw>
<kw name="Title Should Be" owner="SeleniumLibrary">
<msg time="2024-11-15T17:03:40.992424" level="INFO">Page title is 'Laskuri'.</msg>
<arg>Laskuri</arg>
<doc>Verifies that the current page title equals ``title``.</doc>
<status status="PASS" start="2024-11-15T17:03:40.480460" elapsed="0.512333"/>
</kw>
<kw name="Page Should Contain" owner="SeleniumLibrary">
<msg time="2024-11-15T17:03:42.023585" level="INFO">Current page contains text 'nappia painettu 0 kertaa'.</msg>
<arg>nappia painettu 0 kertaa</arg>
<doc>Verifies that current page contains ``text``.</doc>
<status status="PASS" start="2024-11-15T17:03:40.993592" elapsed="1.030436"/>
</kw>
<status status="PASS" start="2024-11-15T17:03:39.912334" elapsed="2.112669"/>
</test>
<test id="s1-s1-t2" name="When button pressed twice the counter is two" line="12">
<kw name="Go To" owner="SeleniumLibrary">
<msg time="2024-11-15T17:03:42.028045" level="INFO">Opening url 'http://localhost:5001'</msg>
<arg>${HOME_URL}</arg>
<doc>Navigates the current browser window to the provided ``url``.</doc>
<status status="PASS" start="2024-11-15T17:03:42.027519" elapsed="0.540602"/>
</kw>
<kw name="Click Button" owner="SeleniumLibrary">
<msg time="2024-11-15T17:03:42.569872" level="INFO">Clicking button 'Paina'.</msg>
<arg>Paina</arg>
<doc>Clicks the button identified by ``locator``.</doc>
<status status="PASS" start="2024-11-15T17:03:42.568949" elapsed="1.621922"/>
</kw>
<kw name="Click Button" owner="SeleniumLibrary">
<msg time="2024-11-15T17:03:44.192650" level="INFO">Clicking button 'Paina'.</msg>
<arg>Paina</arg>
<doc>Clicks the button identified by ``locator``.</doc>
<status status="PASS" start="2024-11-15T17:03:44.191913" elapsed="1.618986"/>
</kw>
<kw name="Page Should Contain" owner="SeleniumLibrary">
<msg time="2024-11-15T17:03:46.838156" level="INFO">Current page contains text 'nappia painettu 2 kertaa'.</msg>
<arg>nappia painettu 2 kertaa</arg>
<doc>Verifies that current page contains ``text``.</doc>
<status status="PASS" start="2024-11-15T17:03:45.811249" elapsed="1.027375"/>
</kw>
<status status="PASS" start="2024-11-15T17:03:42.025987" elapsed="4.813511"/>
</test>
<kw name="Close Browser" owner="SeleniumLibrary" type="TEARDOWN">
<doc>Closes the current browser.</doc>
<status status="PASS" start="2024-11-15T17:03:46.841257" elapsed="0.560051"/>
</kw>
<status status="PASS" start="2024-11-15T17:03:39.445521" elapsed="7.956052"/>
</suite>
<suite id="s1-s2" name="Reset" source="/home/naatari/Projects/ohtu/webcounter/src/tests/reset.robot">
<kw name="Open And Configure Browser" owner="resource" type="SETUP">
<kw name="Set Selenium Speed" owner="SeleniumLibrary">
<arg>${DELAY}</arg>
<doc>Sets the delay that is waited after each Selenium command.</doc>
<status status="PASS" start="2024-11-15T17:03:47.407549" elapsed="0.000177"/>
</kw>
<kw name="Open Browser" owner="SeleniumLibrary">
<msg time="2024-11-15T17:03:47.407965" level="INFO">Opening browser 'chrome' to base url 'None'.</msg>
<arg>browser=${BROWSER}</arg>
<doc>Opens a new browser instance to the optional ``url``.</doc>
<status status="PASS" start="2024-11-15T17:03:47.407830" elapsed="0.437902"/>
</kw>
<status status="PASS" start="2024-11-15T17:03:47.407390" elapsed="0.438493"/>
</kw>
<test id="s1-s2-t1" name="When counter has a nonzero value and it is reset the value becomes zero" line="7">
<kw name="Go To" owner="SeleniumLibrary">
<msg time="2024-11-15T17:03:47.846676" level="INFO">Opening url 'http://localhost:5001'</msg>
<arg>${HOME_URL}</arg>
<doc>Navigates the current browser window to the provided ``url``.</doc>
<status status="PASS" start="2024-11-15T17:03:47.846489" elapsed="0.556334"/>
</kw>
<kw name="Click Button" owner="SeleniumLibrary">
<msg time="2024-11-15T17:03:48.404300" level="INFO">Clicking button 'Paina'.</msg>
<arg>Paina</arg>
<doc>Clicks the button identified by ``locator``.</doc>
<status status="PASS" start="2024-11-15T17:03:48.403664" elapsed="1.604372"/>
</kw>
<kw name="Click Button" owner="SeleniumLibrary">
<msg time="2024-11-15T17:03:50.009930" level="INFO">Clicking button 'Nollaa'.</msg>
<arg>Nollaa</arg>
<doc>Clicks the button identified by ``locator``.</doc>
<status status="PASS" start="2024-11-15T17:03:50.009157" elapsed="1.591756"/>
</kw>
<kw name="Page Should Contain" owner="SeleniumLibrary">
<msg time="2024-11-15T17:03:52.634018" level="INFO">Current page contains text 'nappia painettu 0 kertaa'.</msg>
<arg>nappia painettu 0 kertaa</arg>
<doc>Verifies that current page contains ``text``.</doc>
<status status="PASS" start="2024-11-15T17:03:51.602027" elapsed="1.032582"/>
</kw>
<status status="PASS" start="2024-11-15T17:03:47.845995" elapsed="4.789709"/>
</test>
<kw name="Close Browser" owner="SeleniumLibrary" type="TEARDOWN">
<doc>Closes the current browser.</doc>
<status status="PASS" start="2024-11-15T17:03:52.637490" elapsed="0.560871"/>
</kw>
<status status="PASS" start="2024-11-15T17:03:47.403434" elapsed="5.795230"/>
</suite>
<status status="PASS" start="2024-11-15T17:03:39.435443" elapsed="13.765392"/>
</suite>
<statistics>
<total>
<stat pass="3" fail="0" skip="0">All Tests</stat>
</total>
<tag>
</tag>
<suite>
<stat pass="3" fail="0" skip="0" id="s1" name="Tests">Tests</stat>
<stat pass="2" fail="0" skip="0" id="s1-s1" name="Increment">Tests.Increment</stat>
<stat pass="1" fail="0" skip="0" id="s1-s2" name="Reset">Tests.Reset</stat>
</suite>
</statistics>
<errors>
</errors>
</robot>
